<?xml version="1.0" encoding="UTF-8" ?>
<testsuite tests="0" failures="0" name="TestSuite" time="0.61" errors="0" skipped="0">
  <properties>
    <property name="java.runtime.name" value="Java(TM) SE Runtime Environment"/>
    <property name="sun.boot.library.path" value="D:\Program Files\Java\jdk1.8.0_181\jre\bin"/>
    <property name="java.vm.version" value="25.181-b13"/>
    <property name="java.vm.vendor" value="Oracle Corporation"/>
    <property name="java.vendor.url" value="http://java.oracle.com/"/>
    <property name="path.separator" value=";"/>
    <property name="java.vm.name" value="Java HotSpot(TM) 64-Bit Server VM"/>
    <property name="file.encoding.pkg" value="sun.io"/>
    <property name="user.script" value=""/>
    <property name="user.country" value="CN"/>
    <property name="sun.java.launcher" value="SUN_STANDARD"/>
    <property name="sun.os.patch.level" value=""/>
    <property name="java.vm.specification.name" value="Java Virtual Machine Specification"/>
    <property name="user.dir" value="D:\IdeaProjects\InvoiceOperter"/>
    <property name="java.runtime.version" value="1.8.0_181-b13"/>
    <property name="java.awt.graphicsenv" value="sun.awt.Win32GraphicsEnvironment"/>
    <property name="basedir" value="D:\IdeaProjects\InvoiceOperter"/>
    <property name="java.endorsed.dirs" value="D:\Program Files\Java\jdk1.8.0_181\jre\lib\endorsed"/>
    <property name="os.arch" value="amd64"/>
    <property name="surefire.real.class.path" value="D:\IdeaProjects\InvoiceOperter\target\surefire\surefirebooter1092783364489998708.jar"/>
    <property name="java.io.tmpdir" value="C:\Users\山水话~1\AppData\Local\Temp\"/>
    <property name="line.separator" value="
"/>
    <property name="java.vm.specification.vendor" value="Oracle Corporation"/>
    <property name="user.variant" value=""/>
    <property name="os.name" value="Windows 10"/>
    <property name="sun.jnu.encoding" value="GBK"/>
    <property name="java.library.path" value="D:\Program Files\Java\jdk1.8.0_181\jre\bin;C:\Windows\Sun\Java\bin;C:\Windows\system32;C:\Windows;C:\Program Files (x86)\Common Files\Oracle\Java\javapath;C:\Windows\system32;C:\Windows;C:\Windows\System32\Wbem;C:\Windows\System32\WindowsPowerShell\v1.0\;C:\Windows\System32\OpenSSH\;C:\Program Files (x86)\NVIDIA Corporation\PhysX\Common;C:\Program Files\Intel\WiFi\bin\;C:\Program Files\Common Files\Intel\WirelessCommon\;D:\Program Files\TortoiseSVN\bin;D:\Program Files (x86)\Python3.6;D:\Program Files (x86)\Python3.6\Scripts;D:\Program Files (x86)\Python;D:\Program Files (x86)\Python\Scripts;D:\Program Files\MySQL\mysql-5.7.26-winx64\bin;D:\Program Files\Git\cmd;D:\apache-maven-3.6.2\bin;D:\Program Files\Java\jdk1.8.0_181\bin;D:\Program Files\Java\jdk1.8.0_181\jre\bin;;."/>
    <property name="surefire.test.class.path" value="D:\IdeaProjects\InvoiceOperter\target\test-classes;D:\IdeaProjects\InvoiceOperter\target\classes;C:\Users\山水话江南\.m2\repository\org\testng\testng\6.10\testng-6.10.jar;C:\Users\山水话江南\.m2\repository\com\beust\jcommander\1.48\jcommander-1.48.jar;C:\Users\山水话江南\.m2\repository\org\mybatis\mybatis\3.5.1\mybatis-3.5.1.jar;C:\Users\山水话江南\.m2\repository\org\mybatis\mybatis-spring\2.0.1\mybatis-spring-2.0.1.jar;C:\Users\山水话江南\.m2\repository\org\apache\httpcomponents\httpclient\4.5.8\httpclient-4.5.8.jar;C:\Users\山水话江南\.m2\repository\org\apache\httpcomponents\httpcore\4.4.11\httpcore-4.4.11.jar;C:\Users\山水话江南\.m2\repository\commons-logging\commons-logging\1.2\commons-logging-1.2.jar;C:\Users\山水话江南\.m2\repository\commons-codec\commons-codec\1.11\commons-codec-1.11.jar;C:\Users\山水话江南\.m2\repository\org\projectlombok\lombok\1.18.6\lombok-1.18.6.jar;C:\Users\山水话江南\.m2\repository\mysql\mysql-connector-java\8.0.15\mysql-connector-java-8.0.15.jar;C:\Users\山水话江南\.m2\repository\com\google\protobuf\protobuf-java\3.6.1\protobuf-java-3.6.1.jar;C:\Users\山水话江南\.m2\repository\com\vimalselvam\testng-extentsreport\1.3.1\testng-extentsreport-1.3.1.jar;C:\Users\山水话江南\.m2\repository\com\google\guava\guava\20.0\guava-20.0.jar;C:\Users\山水话江南\.m2\repository\com\aventstack\extentreports\3.0.6\extentreports-3.0.6.jar;C:\Users\山水话江南\.m2\repository\org\freemarker\freemarker\2.3.23\freemarker-2.3.23.jar;C:\Users\山水话江南\.m2\repository\org\mongodb\mongodb-driver\3.3.0\mongodb-driver-3.3.0.jar;C:\Users\山水话江南\.m2\repository\org\mongodb\bson\3.3.0\bson-3.3.0.jar;C:\Users\山水话江南\.m2\repository\org\mongodb\mongodb-driver-core\3.3.0\mongodb-driver-core-3.3.0.jar;C:\Users\山水话江南\.m2\repository\org\apache\httpcomponents\httpmime\4.5.2\httpmime-4.5.2.jar;C:\Users\山水话江南\.m2\repository\org\jsoup\jsoup\1.9.2\jsoup-1.9.2.jar;C:\Users\山水话江南\.m2\repository\com\relevantcodes\extentreports\2.41.2\extentreports-2.41.2.jar;C:\Users\山水话江南\.m2\repository\org\xerial\sqlite-jdbc\3.8.11.1\sqlite-jdbc-3.8.11.1.jar;"/>
    <property name="java.specification.name" value="Java Platform API Specification"/>
    <property name="java.class.version" value="52.0"/>
    <property name="sun.management.compiler" value="HotSpot 64-Bit Tiered Compilers"/>
    <property name="os.version" value="10.0"/>
    <property name="user.home" value="C:\Users\山水话江南"/>
    <property name="user.timezone" value="Asia/Shanghai"/>
    <property name="java.awt.printerjob" value="sun.awt.windows.WPrinterJob"/>
    <property name="java.specification.version" value="1.8"/>
    <property name="file.encoding" value="GBK"/>
    <property name="user.name" value="山水话江南"/>
    <property name="java.class.path" value="D:\IdeaProjects\InvoiceOperter\target\test-classes;D:\IdeaProjects\InvoiceOperter\target\classes;C:\Users\山水话江南\.m2\repository\org\testng\testng\6.10\testng-6.10.jar;C:\Users\山水话江南\.m2\repository\com\beust\jcommander\1.48\jcommander-1.48.jar;C:\Users\山水话江南\.m2\repository\org\mybatis\mybatis\3.5.1\mybatis-3.5.1.jar;C:\Users\山水话江南\.m2\repository\org\mybatis\mybatis-spring\2.0.1\mybatis-spring-2.0.1.jar;C:\Users\山水话江南\.m2\repository\org\apache\httpcomponents\httpclient\4.5.8\httpclient-4.5.8.jar;C:\Users\山水话江南\.m2\repository\org\apache\httpcomponents\httpcore\4.4.11\httpcore-4.4.11.jar;C:\Users\山水话江南\.m2\repository\commons-logging\commons-logging\1.2\commons-logging-1.2.jar;C:\Users\山水话江南\.m2\repository\commons-codec\commons-codec\1.11\commons-codec-1.11.jar;C:\Users\山水话江南\.m2\repository\org\projectlombok\lombok\1.18.6\lombok-1.18.6.jar;C:\Users\山水话江南\.m2\repository\mysql\mysql-connector-java\8.0.15\mysql-connector-java-8.0.15.jar;C:\Users\山水话江南\.m2\repository\com\google\protobuf\protobuf-java\3.6.1\protobuf-java-3.6.1.jar;C:\Users\山水话江南\.m2\repository\com\vimalselvam\testng-extentsreport\1.3.1\testng-extentsreport-1.3.1.jar;C:\Users\山水话江南\.m2\repository\com\google\guava\guava\20.0\guava-20.0.jar;C:\Users\山水话江南\.m2\repository\com\aventstack\extentreports\3.0.6\extentreports-3.0.6.jar;C:\Users\山水话江南\.m2\repository\org\freemarker\freemarker\2.3.23\freemarker-2.3.23.jar;C:\Users\山水话江南\.m2\repository\org\mongodb\mongodb-driver\3.3.0\mongodb-driver-3.3.0.jar;C:\Users\山水话江南\.m2\repository\org\mongodb\bson\3.3.0\bson-3.3.0.jar;C:\Users\山水话江南\.m2\repository\org\mongodb\mongodb-driver-core\3.3.0\mongodb-driver-core-3.3.0.jar;C:\Users\山水话江南\.m2\repository\org\apache\httpcomponents\httpmime\4.5.2\httpmime-4.5.2.jar;C:\Users\山水话江南\.m2\repository\org\jsoup\jsoup\1.9.2\jsoup-1.9.2.jar;C:\Users\山水话江南\.m2\repository\com\relevantcodes\extentreports\2.41.2\extentreports-2.41.2.jar;C:\Users\山水话江南\.m2\repository\org\xerial\sqlite-jdbc\3.8.11.1\sqlite-jdbc-3.8.11.1.jar;"/>
    <property name="java.vm.specification.version" value="1.8"/>
    <property name="sun.arch.data.model" value="64"/>
    <property name="java.home" value="D:\Program Files\Java\jdk1.8.0_181\jre"/>
    <property name="sun.java.command" value="D:\IdeaProjects\InvoiceOperter\target\surefire\surefirebooter1092783364489998708.jar D:\IdeaProjects\InvoiceOperter\target\surefire\surefire8654908424392803939tmp D:\IdeaProjects\InvoiceOperter\target\surefire\surefire837305452433023208tmp"/>
    <property name="java.specification.vendor" value="Oracle Corporation"/>
    <property name="user.language" value="zh"/>
    <property name="awt.toolkit" value="sun.awt.windows.WToolkit"/>
    <property name="java.vm.info" value="mixed mode"/>
    <property name="java.version" value="1.8.0_181"/>
    <property name="java.ext.dirs" value="D:\Program Files\Java\jdk1.8.0_181\jre\lib\ext;C:\Windows\Sun\Java\lib\ext"/>
    <property name="sun.boot.class.path" value="D:\Program Files\Java\jdk1.8.0_181\jre\lib\resources.jar;D:\Program Files\Java\jdk1.8.0_181\jre\lib\rt.jar;D:\Program Files\Java\jdk1.8.0_181\jre\lib\sunrsasign.jar;D:\Program Files\Java\jdk1.8.0_181\jre\lib\jsse.jar;D:\Program Files\Java\jdk1.8.0_181\jre\lib\jce.jar;D:\Program Files\Java\jdk1.8.0_181\jre\lib\charsets.jar;D:\Program Files\Java\jdk1.8.0_181\jre\lib\jfr.jar;D:\Program Files\Java\jdk1.8.0_181\jre\classes"/>
    <property name="java.vendor" value="Oracle Corporation"/>
    <property name="localRepository" value="C:\Users\山水话江南\.m2\repository"/>
    <property name="file.separator" value="\"/>
    <property name="java.vendor.url.bug" value="http://bugreport.sun.com/bugreport/"/>
    <property name="sun.cpu.endian" value="little"/>
    <property name="sun.io.unicode.encoding" value="UnicodeLittle"/>
    <property name="sun.desktop" value="windows"/>
    <property name="sun.cpu.isalist" value="amd64"/>
  </properties>
</testsuite>